<?xml version="1.0" encoding="UTF-8"?>
<!-- Generated by org.testng.reporters.JUnitReportReporter -->
<testsuite hostname="Udayas-MacBook-Air.local" failures="0" tests="2" name="runners.TestRunner" time="13.899" errors="0" timestamp="2023-08-18T09:10:53 IST" skipped="0">
  <testcase classname="runners.TestRunner" name="runScenario" time="6.742"/>
  <system-out/>
  <testcase classname="runners.TestRunner" name="runScenario" time="7.157"/>
  <system-out/>
</testsuite> <!-- runners.TestRunner -->
