<?xml version="1.0" encoding="UTF-8"?>
<!-- Generated by org.testng.reporters.JUnitReportReporter -->
<testsuite hostname="Udayas-MacBook-Air.local" failures="0" tests="1" name="runners.TestNGRunner" time="8.389" errors="0" timestamp="2023-08-20T15:50:42 IST" skipped="0">
  <testcase classname="runners.TestNGRunner" name="runScenario" time="8.389"/>
  <system-out/>
</testsuite> <!-- runners.TestNGRunner -->
