<?xml version="1.0" encoding="UTF-8"?>
<!-- Generated by org.testng.reporters.JUnitReportReporter -->
<testsuite hostname="Udayas-Air" failures="0" tests="1" name="restTests.PutBookToUserCollection" time="3.021" errors="0" timestamp="2023-08-07T17:18:17 IST" skipped="0">
  <testcase classname="restTests.PutBookToUserCollection" name="Update_UserCollection_PUT" time="3.021"/>
  <system-out/>
</testsuite> <!-- restTests.PutBookToUserCollection -->
