<?xml version="1.0" encoding="UTF-8"?>
<!-- Generated by org.testng.reporters.JUnitReportReporter -->
<testsuite hostname="Udayas-Air" failures="0" tests="1" name="restTests.AddBooksToUser" time="1.478" errors="0" timestamp="2023-08-14T12:22:18 IST" skipped="0">
  <testcase classname="restTests.AddBooksToUser" name="sendPostRequestToAddBooks" time="1.478"/>
  <system-out/>
</testsuite> <!-- restTests.AddBooksToUser -->
