<?xml version="1.0" encoding="UTF-8"?>
<!-- Generated by org.testng.reporters.JUnitReportReporter -->
<testsuite hostname="Udayas-MacBook-Air.local" failures="0" tests="1" name="restJsonTests.GenerateToken" time="2.019" errors="0" timestamp="2023-08-18T08:38:19 IST" skipped="0">
  <testcase classname="restJsonTests.GenerateToken" name="generateToken" time="2.019"/>
  <system-out/>
</testsuite> <!-- restJsonTests.GenerateToken -->
