<?xml version="1.0" encoding="UTF-8"?>
<!-- Generated by org.testng.reporters.JUnitReportReporter -->
<testsuite hostname="Udayas-MacBook-Air.local" failures="0" tests="1" name="restTests.GetUser" time="1.425" errors="0" timestamp="2023-08-18T08:40:41 IST" skipped="0">
  <testcase classname="restTests.GetUser" name="getListOfBooks_Get" time="1.425"/>
  <system-out/>
</testsuite> <!-- restTests.GetUser -->
