<?xml version="1.0" encoding="UTF-8"?>
<!-- Generated by org.testng.reporters.JUnitReportReporter -->
<testsuite hostname="Udayas-Air" failures="0" tests="1" name="restJsonTests.AddBooksToUserCollection" time="1.756" errors="0" timestamp="2023-08-14T16:50:06 IST" skipped="0">
  <testcase classname="restJsonTests.AddBooksToUserCollection" name="addBookToUser" time="1.756"/>
  <system-out/>
</testsuite> <!-- restJsonTests.AddBooksToUserCollection -->
