<?xml version="1.0" encoding="UTF-8"?>
<!-- Generated by org.testng.reporters.JUnitReportReporter -->
<testsuite hostname="Udayas-MacBook-Air.local" failures="0" tests="1" name="restTests.AuthorizedTest" time="1.601" errors="0" timestamp="2023-08-18T08:38:41 IST" skipped="0">
  <testcase classname="restTests.AuthorizedTest" name="registrationSuccessful" time="1.601"/>
  <system-out/>
</testsuite> <!-- restTests.AuthorizedTest -->
