<?xml version="1.0" encoding="UTF-8"?>
<!-- Generated by org.testng.reporters.JUnitReportReporter -->
<testsuite hostname="Udayas-Air" failures="0" tests="2" name="restTests.GetBooksList" time="1.949" errors="0" timestamp="2023-08-17T08:45:02 IST" skipped="1">
  <testcase classname="restTests.GetBooksList" name="getListOfBooks_GET" time="1.949"/>
  <system-out/>
  <testcase classname="restTests.GetBooksList" name="getListOfBooks_Get_Books">
    <skipped/>
  </testcase> <!-- getListOfBooks_Get_Books -->
  <system-out/>
</testsuite> <!-- restTests.GetBooksList -->
